C51 COMPILER V9.01   PROGRAM                                                               07/17/2014 17:50:15 PAGE 1   


C51 COMPILER V9.01, COMPILATION OF MODULE PROGRAM
OBJECT MODULE PLACED IN program.OBJ
COMPILER INVOKED BY: d:\Keil\C51\BIN\C51.EXE program.c BROWSE DEBUG OBJECTEXTEND

line level    source

   1          /*
   2           * program.c
   3           *
   4           *  Created on: 2014年7月16日
   5           *      Author: Marvin 蒋子缘
   6           */
   7          /*头文件*/
   8          #include <STC12C5A60S2.h> 
   9          #include <stdlib.h>
  10          #include <intrins.h>
  11          #include "dlinkedlist.h"
  12          #include "snake.h"    
  13          #define uint unsigned int
  14          #define uchar unsigned char
  15          #define _Nop() _nop_()
  16          
  17          /*端口定义*/
  18          sbit D_port = P0^7;
  19          sbit C_port = P0^6;
  20          sbit B_port = P0^5;
  21          sbit A_port = P0^4;
  22          sbit G_port = P0^3;
  23          sbit DI_port = P0^2;
  24          sbit CLK_port = P0^1;
  25          sbit Latch_port = P0^0;
  26          sbit P10=P1^0;
  27          sbit P20=P2^0;
  28          sbit P21=P2^1;
  29          sbit P22=P2^2;
  30          sbit P23=P2^3;
  31          sbit P24=P2^4;
  32          sbit P25=P2^5;
  33          
  34          unsigned char xdata malloc_mempool [0x200];
  35          
  36          static uchar infrared0=0;
  37          static uchar infrared=0;
  38          static uchar photoSR0=0;
  39          static uchar photoSR=0;
  40          static uchar upButton0=1;
  41          static uchar upButton=1;
  42          static uchar downButton0=1;
  43          static uchar downButton=1;
  44          static uchar leftButton0=1;
  45          static uchar leftButton=1;
  46          static uchar rightButton0=1;
  47          static uchar rightButton=1;
  48          /*-------------------------------------------------------
  49              点阵LED第几行显示数据
  50             其中daH为数据高8位，daL为数据低8位，han为第几行显示
  51          --------------------------------------------------------*/
  52          void data_Send(uchar daH,uchar daL,uchar line)
  53          {//发送至led显示屏的函数        
  54   1              uchar i;
  55   1              Latch_port = 0;  /*HC595锁定输出,避免数据传输过程中，屏数据变化从而显示闪烁*/
C51 COMPILER V9.01   PROGRAM                                                               07/17/2014 17:50:15 PAGE 2   

  56   1              CLK_port = 0;
  57   1              for(i=0;i<8;i++){
  58   2                      if((daH&0x80)==0) DI_port = 1;  /*阴码*/
  59   2                      else DI_port = 0;
  60   2                      CLK_port = 1;
  61   2                      CLK_port = 0;
  62   2                      daH <<= 1;
  63   2                      }
  64   1              for(i=0;i<8;i++){
  65   2                      if((daL&0x80)==0) DI_port = 1;
  66   2                      else DI_port = 0;
  67   2                      CLK_port = 1;
  68   2                      CLK_port = 0;
  69   2                      daL <<= 1;
  70   2                      }
  71   1              G_port = 1; /*关屏显示，原理为使HC138输出全为1，从而三极管截止，点阵不显示*/
  72   1              switch (line){
  73   2                      case 0: 
  74   2                              A_port = 0;     B_port = 0;     C_port = 0;     D_port = 0;
  75   2                              break;
  76   2                      case 1:
  77   2                              A_port = 1;     B_port = 0;     C_port = 0;     D_port = 0;
  78   2                              break;
  79   2                      case 2:
  80   2                              A_port = 0;     B_port = 1;     C_port = 0;     D_port = 0;
  81   2                              break;
  82   2                      case 3: 
  83   2                              A_port = 1;     B_port = 1;     C_port = 0;     D_port = 0;
  84   2                              break;
  85   2                      case 4: 
  86   2                              A_port = 0;     B_port = 0;     C_port = 1;     D_port = 0;
  87   2                              break;
  88   2                      case 5: 
  89   2                              A_port = 1;     B_port = 0;     C_port = 1;     D_port = 0;
  90   2                              break;
  91   2                      case 6: 
  92   2                              A_port = 0;     B_port = 1;     C_port = 1;     D_port = 0;
  93   2                              break;
  94   2                      case 7: 
  95   2                              A_port = 1;     B_port = 1;     C_port = 1;     D_port = 0;
  96   2                              break;
  97   2                      case 8: 
  98   2                              A_port = 0;     B_port = 0;     C_port = 0;     D_port = 1;
  99   2                              break;
 100   2                      case 9: 
 101   2                              A_port = 1;     B_port = 0;     C_port = 0;     D_port = 1;
 102   2                              break;
 103   2                      case 10: 
 104   2                              A_port = 0;     B_port = 1;     C_port = 0;     D_port = 1;
 105   2                              break;
 106   2                      case 11: 
 107   2                              A_port = 1;     B_port = 1;     C_port = 0;     D_port = 1;
 108   2                              break;
 109   2                      case 12: 
 110   2                              A_port = 0;     B_port = 0;     C_port = 1;     D_port = 1;
 111   2                              break;
 112   2                      case 13: 
 113   2                              A_port = 1;     B_port = 0;     C_port = 1;     D_port = 1;
 114   2                              break;
 115   2                      case 14: 
 116   2                              A_port = 0;     B_port = 1;     C_port = 1;     D_port = 1;
 117   2                              break;
C51 COMPILER V9.01   PROGRAM                                                               07/17/2014 17:50:15 PAGE 3   

 118   2                      case 15: 
 119   2                              A_port = 1;     B_port = 1;     C_port = 1;     D_port = 1;
 120   2                              break;
 121   2                      }
 122   1              Latch_port = 1; /*允许HC595数据输出到Q1-Q8端口*/
 123   1              G_port = 0; /*HC138输出有效，打开显示*/
 124   1              Latch_port = 0; /*锁定HC595数据输出*/
 125   1      
 126   1      }
 127          
 128          void testLED()
 129          {
 130   1        uint i=0;
 131   1        uchar j=0;
 132   1        for(j=0;j<16;++j)
 133   1        for(i=0;i<2000;++i)
 134   1        {
 135   2               data_Send(0xff,0xff,j);
 136   2        }
 137   1        G_port = 1;
 138   1      }
 139          
 140          void testReverseLED()
 141          {
 142   1        uint i=0;
 143   1        uchar j=0;
 144   1        for(j=15;j>=0;--j)
 145   1        for(i=0;i<2000;++i)
 146   1        {
 147   2               data_Send(0xff,0xff,j);
 148   2        }
 149   1        G_port = 1;
 150   1      }
 151          
 152          void wordLED()
 153          { //显示字的函数，暂且不用管 
 154   1      uchar code table[][32]={
 155   1      {0x00,0x00,0x30,0x03,0x10,0x01,0x98,0x01,0x88,0x7F,0xCC,0x02,0x6C,0x02,0x0A,0x3E,
 156   1      0x0A,0x02,0x08,0x02,0x08,0x02,0x08,0x7E,0x08,0x02,0x08,0x02,0x08,0x02,0x08,0x02},/*"作",0*/
 157   1      
 158   1      {0x00,0x00,0x80,0x00,0x80,0x00,0xF8,0x37,0x80,0x18,0x80,0x0C,0xFE,0x7F,0x00,0x01,
 159   1      0xC0,0x00,0xF0,0x1F,0x3C,0x10,0xF6,0x1F,0x30,0x10,0x30,0x10,0xF0,0x1F,0x30,0x10},/*"者",1*/
 160   1      
 161   1      {0x00,0x00,0x00,0x00,0x00,0x00,0x00,0x00,0x00,0x00,0x00,0x00,0x00,0x00,0x00,0x00,
 162   1      0x18,0x00,0x18,0x00,0x00,0x00,0x00,0x00,0x18,0x00,0x18,0x00,0x00,0x00,0x00,0x00},/*"：",2*/
 163   1      
 164   1      {0x00,0x00,0x20,0x04,0xFE,0x7F,0x20,0x04,0x20,0x05,0x90,0x3F,0xD2,0x10,0x74,0x0B,
 165   1      0x1C,0x06,0x90,0x13,0x58,0x7F,0x9C,0x10,0x16,0x11,0x12,0x11,0x10,0x1C,0x00,0x00},/*"蒋",3*/
 166   1      
 167   1      {0x00,0x00,0x00,0x00,0xFC,0x3F,0x00,0x1C,0x00,0x06,0x80,0x01,0x80,0x01,0xFE,0x7F,
 168   1      0xFE,0x1F,0x80,0x01,0x80,0x01,0x80,0x01,0x80,0x01,0x80,0x01,0xE0,0x00,0x00,0x00},/*"子",4*/
 169   1      
 170   1      {0x00,0x00,0x08,0x03,0x0C,0x1F,0x04,0x11,0xB4,0x1C,0x92,0x0B,0xEE,0x7F,0x28,0x02,
 171   1      0x84,0x33,0xC6,0x1E,0x1E,0x1D,0xE0,0x2C,0x50,0x2B,0x9E,0x49,0x60,0x0E,0x00,0x02},/*"缘",5*/
 172   1      
 173   1      };       
 174   1              uint i;
 175   1              uchar j=0; /*读取对应的第几行数据*/
 176   1              uchar k=0; /*读取对应的第几个字数据*/
 177   1              uchar br=0;
 178   1              for(k=0;k<6;++k)
 179   1              {
C51 COMPILER V9.01   PROGRAM                                                               07/17/2014 17:50:15 PAGE 4   

 180   2              if(br==0)
 181   2                  for(i=0;i<2000;++i)
 182   2                  {   
 183   3                      if(br==0)
 184   3                      for(j=0;j<16;++j)
 185   3                              {  
 186   4                                  if(infrared!=0)
 187   4                      data_Send(table[k][j*2+1],table[k][j*2],j);
 188   4                                      else
 189   4                                      {
 190   5                                      br=1;
 191   5                                      break;
 192   5                                      }
 193   4                              }
 194   3                      else
 195   3                      break;
 196   3              }
 197   2              else
 198   2              break;
 199   2          }
 200   1      G_port = 1;
 201   1      }                                          
 202          
 203          void snakeLED()
 204          {
 205   1      //贪食蛇的函数
 206   1          uchar *table;
 207   1              uint i;
 208   1              uchar j=0; /*读取对应的第几行数据*/
 209   1              uchar br=0;
 210   1              uchar direction=0;
 211   1              uchar playing=1;
 212   1              testLED();
 213   1              initializeGame();
 214   1        while(playing&&infrared==0)
 215   1        {
 216   2              //decide direction
 217   2              if(upButton==0)
 218   2              playing=move(0);
 219   2              else if(downButton==0)
 220   2              playing=move(1);
 221   2              else if(leftButton==0)
 222   2              playing=move(2);
 223   2              else if(rightButton==0)
 224   2              playing=move(3);
 225   2              else 
 226   2              playing=move(currentDir());
 227   2      
 228   2              table=displayArray();
 229   2              for(i=0;i<1000;++i)
 230   2              {       
 231   3              for(j=0;j<16;++j)
 232   3              {  
 233   4            data_Send(table[j*2+1],table[j*2],j);
 234   4              }
 235   3              }
 236   2              free(table);
 237   2              table=NULL;
 238   2        }
 239   1      
 240   1              endGame();
 241   1      G_port = 1;
C51 COMPILER V9.01   PROGRAM                                                               07/17/2014 17:50:15 PAGE 5   

 242   1      }
 243          
 244          void sense() interrupt 1 using 1
 245          {
 246   1      //检查红外接收器和各个按键，两次采样结果相同才被采纳。
 247   1      infrared=infrared0&&P24;
 248   1      photoSR=photoSR0&&P10;
 249   1      upButton=P23||upButton0;
 250   1      downButton=P22||downButton0;
 251   1      leftButton=P21||leftButton0;
 252   1      rightButton=P20||rightButton0;
 253   1      infrared0=P24;
 254   1      photoSR0=P10;
 255   1      upButton0=P23;
 256   1      downButton0=P22;
 257   1      leftButton0=P21;
 258   1      rightButton0=P20;
 259   1      TH0=(65536-25000)/256; 
 260   1      TL0=(65536-25000)%256;
 261   1      }
 262          
 263          void send() interrupt 3 using 2
 264          {
 265   1      //红外发射器信号
 266   1      P25=!P25;
 267   1      }
 268          
 269          int main()
 270          { 
 271   1      init_mempool (&malloc_mempool, sizeof(malloc_mempool));
 272   1      //testLED();
 273   1      //testReverse();
 274   1      infrared0=0;
 275   1      infrared=0;
 276   1      photoSR0=0;
 277   1      photoSR=0;
 278   1      upButton0=1;
 279   1      upButton=1;
 280   1      downButton0=1;
 281   1      downButton=1;
 282   1      leftButton0=1;
 283   1      leftButton=1;
 284   1      rightButton0=1;
 285   1      rightButton=1;
 286   1      
 287   1      TMOD=0x21;      //设置定时器0位工作模式1（M1,M0位0，1）
 288   1      TH0=(65536-50000)/256; 
 289   1      TL0=(65536-50000)%256;
 290   1      TH1=256-33; 
 291   1      TL1=256-33;
 292   1      ET1=1;
 293   1      TR1=1;
 294   1      EA=1;    //开总中断
 295   1      ET0=1;   //开定时器0中断
 296   1      TR0=1;   //启动定时器0
 297   1      P24=1;
 298   1      P10=1;
 299   1      //testLED();
 300   1      //testReverseLED();
 301   1      while(1)
 302   1      {
 303   2      if(infrared!=0)
C51 COMPILER V9.01   PROGRAM                                                               07/17/2014 17:50:15 PAGE 6   

 304   2      wordLED();
 305   2      else
 306   2      snakeLED();
 307   2      }  
 308   1      }


MODULE INFORMATION:   STATIC OVERLAYABLE
   CODE SIZE        =    849    ----
   CONSTANT SIZE    =    192    ----
   XDATA SIZE       =    512    ----
   PDATA SIZE       =   ----    ----
   DATA SIZE        =     12      17
   IDATA SIZE       =   ----    ----
   BIT SIZE         =   ----    ----
END OF MODULE INFORMATION.


C51 COMPILATION COMPLETE.  0 WARNING(S),  0 ERROR(S)
